build/app/outputs/mapping/release/usage.txt
com.google.common.cache.LocalCache$Strength
com.google.common.collect.Maps$SortedKeySet
androidx.fragment.app.FragmentTransitionImpl
com.google.common.collect.Multisets$AbstractEntry
androidx.core.view.ViewCompat$3
androidx.arch.core.executor.TaskExecutor
androidx.core.net.DatagramSocketWrapper$DatagramSocketImplWrapper
androidx.core.graphics.PathSegment
com.google.common.io.ByteArrayDataOutput
com.google.common.collect.AbstractMapBasedMultiset$1
com.google.common.net.MediaType$2
kotlin.UnsignedKt
com.google.common.base.VerifyException
com.google.common.collect.Maps$FilteredEntryMap$EntrySet
androidx.core.graphics.drawable.RoundedBitmapDrawable
com.google.common.collect.Synchronized$SynchronizedDeque
kotlin.SafePublicationLazyImpl
kotlin.time.DurationUnitKt__DurationUnitJvmKt
com.google.common.collect.Count
com.google.common.io.ByteProcessor
kotlin.coroutines.jvm.internal.RestrictedSuspendLambda
kotlin.text.StringsKt__RegexExtensionsJVMKt
com.google.common.collect.Tables$TransposeTable
com.google.common.collect.Maps$UnmodifiableEntrySet
com.google.common.collect.Lists$AbstractListWrapper
com.google.common.collect.FilteredEntryMultimap$AsMap$1EntrySetImpl
com.google.common.util.concurrent.CycleDetectingLockFactory$WithExplicitOrdering
androidx.core.database.sqlite.SQLiteCursorCompat
kotlin.coroutines.experimental.CoroutineContext
org.checkerframework.checker.nullness.compatqual.KeyForType
com.google.common.collect.AbstractMultiset$EntrySet
androidx.fragment.app.ListFragment$2
kotlin.jvm.internal.markers.KMappedMarker
com.google.common.util.concurrent.ImmediateFuture$ImmediateCancelledFuture
io.flutter.embedding.android.FlutterView$RenderMode
kotlin.collections.ReversedList
com.google.common.collect.Lists$ReverseList$1
androidx.core.view.ViewPropertyAnimatorListener
kotlin.ranges.LongProgression
io.flutter.embedding.engine.loader.FlutterLoader$2
com.google.common.base.Suppliers$ThreadSafeSupplier
androidx.core.net.TrafficStatsCompat
com.google.common.base.AbstractIterator$1
io.flutter.embedding.android.AndroidTouchProcessor$PointerSignalKind
com.google.common.hash.LittleEndianByteArray$UnsafeByteArray$1
com.google.common.collect.Tables$UnmodifiableTable
kotlin.ranges.LongRange$Companion
androidx.core.view.ViewCompat$AccessibilityViewProperty
kotlin.ranges.IntProgression$Companion
io.flutter.plugins.pathprovider.R$integer
kotlin.text.StringsKt
kotlin.text.StringsKt___StringsKt$withIndex$1
com.google.common.util.concurrent.SequentialExecutor$1
androidx.activity.ImmLeaksCleaner:
    void <init>(android.app.Activity)
    private static final int NOT_INITIALIAZED
    private static final int INIT_SUCCESS
    private static final int INIT_FAILED
com.google.common.collect.SortedIterable
androidx.core.app.NotificationCompat$Action$Extender
com.google.common.collect.ForwardingSet
kotlin.annotation.MustBeDocumented
com.google.common.collect.ImmutableMultimap$1
kotlin.reflect.KFunction$DefaultImpls
com.google.common.collect.Multisets
com.google.common.primitives.ImmutableDoubleArray$Builder
com.google.common.collect.CompoundOrdering
kotlin.ranges.ULongRange
com.google.j2objc.annotations.Weak
io.flutter.embedding.engine.plugins.util.GeneratedPluginRegister:
    public void <init>()
    private static final java.lang.String TAG
androidx.fragment.app.FragmentManagerImpl$3
io.flutter.plugin.common.BinaryCodec
com.google.common.io.MultiReader
com.google.common.collect.ForwardingSortedSetMultimap
kotlin.reflect.KTypeParameter
com.google.common.math.Quantiles$ScaleAndIndexes
com.google.common.collect.AbstractMapBasedMultimap
kotlin.jvm.functions.Function5
kotlin.text.StringsKt__StringsKt
com.google.common.reflect.ClassPath$ClassInfo
com.google.common.collect.FluentIterable$3$1
kotlin.coroutines.experimental.SequenceBuilderKt
com.google.common.hash.AbstractByteHasher
com.google.common.collect.Synchronized$SynchronizedSet
androidx.annotation.ColorLong
com.google.common.io.AppendableWriter
com.google.common.collect.Maps
kotlin.KotlinVersion